\BOOKMARK [1][-]{section.1}{Web frameworks}{}
\BOOKMARK [2][-]{subsection.1.1}{The MVC pattern}{section.1}
\BOOKMARK [2][-]{subsection.1.2}{A very simple application}{section.1}
\BOOKMARK [2][-]{subsection.1.3}{Application of the MVC pattern}{section.1}
\BOOKMARK [1][-]{section.2}{Making a Flask application}{}
\BOOKMARK [2][-]{subsection.2.1}{Programming the Flask application}{section.2}
\BOOKMARK [2][-]{subsection.2.2}{Equipping the input page with output results}{section.2}
\BOOKMARK [2][-]{subsection.2.3}{Splitting the app into model, view, and controller files}{section.2}
\BOOKMARK [2][-]{subsection.2.4}{Troubleshooting}{section.2}
\BOOKMARK [1][-]{section.3}{Making a Django application}{}
\BOOKMARK [2][-]{subsection.3.1}{Installing Django}{section.3}
\BOOKMARK [2][-]{subsection.3.2}{Setting up a Django project}{section.3}
\BOOKMARK [2][-]{subsection.3.3}{Setting up a Django application}{section.3}
\BOOKMARK [2][-]{subsection.3.4}{Programming the Django application}{section.3}
\BOOKMARK [2][-]{subsection.3.5}{Equipping the input page with output results}{section.3}
\BOOKMARK [1][-]{section.4}{Handling multiple input variables in Flask}{}
\BOOKMARK [2][-]{subsection.4.1}{Programming the Flask application}{section.4}
\BOOKMARK [2][-]{subsection.4.2}{Implementing error checking in the template}{section.4}
\BOOKMARK [2][-]{subsection.4.3}{Using style sheets}{section.4}
\BOOKMARK [2][-]{subsection.4.4}{Using LaTeX mathematics}{section.4}
\BOOKMARK [2][-]{subsection.4.5}{Rearringing the elements in the HTML template}{section.4}
\BOOKMARK [2][-]{subsection.4.6}{User-provided validation}{section.4}
\BOOKMARK [2][-]{subsection.4.7}{Autogenerating the code}{section.4}
\BOOKMARK [1][-]{section.5}{Handling multiple input variables in Django}{}
\BOOKMARK [2][-]{subsection.5.1}{Programming the Django application}{section.5}
\BOOKMARK [2][-]{subsection.5.2}{User-provided validation}{section.5}
\BOOKMARK [1][-]{section.6}{Exercises}{}
\BOOKMARK [1][-]{section.7}{Remaining}{}
